Started GET "/" for 172.17.0.1 at 2024-09-17 18:26:48 +0000
Cannot render console from 172.17.0.1! Allowed networks: 127.0.0.0/127.255.255.255, ::1
  [1m[35m (7.7ms)[0m  [1m[35mCREATE TABLE "schema_migrations" ("version" varchar NOT NULL PRIMARY KEY)[0m
  [1m[35m (4.1ms)[0m  [1m[35mCREATE TABLE "ar_internal_metadata" ("key" varchar NOT NULL PRIMARY KEY, "value" varchar, "created_at" datetime(6) NOT NULL, "updated_at" datetime(6) NOT NULL)[0m
  [1m[36mActiveRecord::SchemaMigration Load (1.6ms)[0m  [1m[34mSELECT "schema_migrations"."version" FROM "schema_migrations" ORDER BY "schema_migrations"."version" ASC[0m
Processing by Rails::WelcomeController#index as HTML
  Rendering /usr/local/bundle/gems/railties-7.1.4/lib/rails/templates/rails/welcome/index.html.erb
  Rendered /usr/local/bundle/gems/railties-7.1.4/lib/rails/templates/rails/welcome/index.html.erb (Duration: 2.0ms | Allocations: 376)
Completed 200 OK in 525ms (Views: 115.6ms | ActiveRecord: 0.0ms | Allocations: 7929)


Started GET "/" for 172.17.0.1 at 2024-09-17 18:30:59 +0000
Cannot render console from 172.17.0.1! Allowed networks: 127.0.0.0/127.255.255.255, ::1
Processing by Rails::WelcomeController#index as HTML
  Rendering /usr/local/bundle/gems/railties-7.1.4/lib/rails/templates/rails/welcome/index.html.erb
  Rendered /usr/local/bundle/gems/railties-7.1.4/lib/rails/templates/rails/welcome/index.html.erb (Duration: 0.1ms | Allocations: 13)
Completed 200 OK in 29ms (Views: 2.4ms | ActiveRecord: 0.0ms | Allocations: 208)


Started GET "/" for 172.17.0.1 at 2024-09-17 18:31:10 +0000
Cannot render console from 172.17.0.1! Allowed networks: 127.0.0.0/127.255.255.255, ::1
Processing by Rails::WelcomeController#index as HTML
  Rendering /usr/local/bundle/gems/railties-7.1.4/lib/rails/templates/rails/welcome/index.html.erb
  Rendered /usr/local/bundle/gems/railties-7.1.4/lib/rails/templates/rails/welcome/index.html.erb (Duration: 0.2ms | Allocations: 13)
Completed 200 OK in 22ms (Views: 1.9ms | ActiveRecord: 0.0ms | Allocations: 207)


Started GET "/" for 172.17.0.1 at 2024-09-20 22:41:05 +0000
Cannot render console from 172.17.0.1! Allowed networks: 127.0.0.0/127.255.255.255, ::1
  [1m[36mActiveRecord::SchemaMigration Load (1.8ms)[0m  [1m[34mSELECT "schema_migrations"."version" FROM "schema_migrations" ORDER BY "schema_migrations"."version" ASC[0m
Processing by Rails::WelcomeController#index as HTML
  Rendering /usr/local/bundle/gems/railties-7.1.4/lib/rails/templates/rails/welcome/index.html.erb
  Rendered /usr/local/bundle/gems/railties-7.1.4/lib/rails/templates/rails/welcome/index.html.erb (Duration: 1.2ms | Allocations: 376)
Completed 200 OK in 248ms (Views: 54.2ms | ActiveRecord: 0.0ms | Allocations: 4303)


  [1m[36mActiveRecord::InternalMetadata Load (3.1ms)[0m  [1m[34mSELECT * FROM "ar_internal_metadata" WHERE "ar_internal_metadata"."key" = ? ORDER BY "ar_internal_metadata"."key" ASC LIMIT 1[0m  [[nil, "environment"]]
  [1m[36mActiveRecord::InternalMetadata Create (8.6ms)[0m  [1m[32mINSERT INTO "ar_internal_metadata" ("key", "value", "created_at", "updated_at") VALUES ('environment', 'development', '2024-09-24 21:06:04.871529', '2024-09-24 21:06:04.871534') RETURNING "key"[0m
  [1m[36mActiveRecord::SchemaMigration Load (0.5ms)[0m  [1m[34mSELECT "schema_migrations"."version" FROM "schema_migrations" ORDER BY "schema_migrations"."version" ASC[0m
Started GET "/" for 172.17.0.1 at 2024-09-24 23:09:04 +0000
Cannot render console from 172.17.0.1! Allowed networks: 127.0.0.0/127.255.255.255, ::1
  [1m[36mActiveRecord::SchemaMigration Load (4.9ms)[0m  [1m[34mSELECT "schema_migrations"."version" FROM "schema_migrations" ORDER BY "schema_migrations"."version" ASC[0m
  
ActionController::RoutingError (uninitialized constant StudentsController):
  
Started GET "/students" for 172.17.0.1 at 2024-09-24 23:10:16 +0000
Cannot render console from 172.17.0.1! Allowed networks: 127.0.0.0/127.255.255.255, ::1
  
ActionController::RoutingError (uninitialized constant StudentsController):
  
Started GET "/students" for 172.17.0.1 at 2024-09-24 23:14:56 +0000
Cannot render console from 172.17.0.1! Allowed networks: 127.0.0.0/127.255.255.255, ::1
  [1m[36mActiveRecord::SchemaMigration Load (2.8ms)[0m  [1m[34mSELECT "schema_migrations"."version" FROM "schema_migrations" ORDER BY "schema_migrations"."version" ASC[0m
  
AbstractController::ActionNotFound (The action 'index' could not be found for StudentsController):
  
actionpack (7.1.4) lib/abstract_controller/base.rb:155:in `process'
actionview (7.1.4) lib/action_view/rendering.rb:40:in `process'
actionpack (7.1.4) lib/action_controller/metal.rb:227:in `dispatch'
actionpack (7.1.4) lib/action_controller/metal.rb:309:in `dispatch'
actionpack (7.1.4) lib/action_dispatch/routing/route_set.rb:49:in `dispatch'
actionpack (7.1.4) lib/action_dispatch/routing/route_set.rb:32:in `serve'
actionpack (7.1.4) lib/action_dispatch/journey/router.rb:51:in `block in serve'
actionpack (7.1.4) lib/action_dispatch/journey/router.rb:131:in `block in find_routes'
actionpack (7.1.4) lib/action_dispatch/journey/router.rb:124:in `each'
actionpack (7.1.4) lib/action_dispatch/journey/router.rb:124:in `find_routes'
actionpack (7.1.4) lib/action_dispatch/journey/router.rb:32:in `serve'
actionpack (7.1.4) lib/action_dispatch/routing/route_set.rb:882:in `call'
rack (3.1.7) lib/rack/tempfile_reaper.rb:20:in `call'
rack (3.1.7) lib/rack/etag.rb:29:in `call'
rack (3.1.7) lib/rack/conditional_get.rb:31:in `call'
rack (3.1.7) lib/rack/head.rb:15:in `call'
actionpack (7.1.4) lib/action_dispatch/http/permissions_policy.rb:36:in `call'
actionpack (7.1.4) lib/action_dispatch/http/content_security_policy.rb:33:in `call'
rack-session (2.0.0) lib/rack/session/abstract/id.rb:272:in `context'
rack-session (2.0.0) lib/rack/session/abstract/id.rb:266:in `call'
actionpack (7.1.4) lib/action_dispatch/middleware/cookies.rb:689:in `call'
activerecord (7.1.4) lib/active_record/migration.rb:655:in `call'
actionpack (7.1.4) lib/action_dispatch/middleware/callbacks.rb:29:in `block in call'
activesupport (7.1.4) lib/active_support/callbacks.rb:101:in `run_callbacks'
actionpack (7.1.4) lib/action_dispatch/middleware/callbacks.rb:28:in `call'
actionpack (7.1.4) lib/action_dispatch/middleware/executor.rb:14:in `call'
actionpack (7.1.4) lib/action_dispatch/middleware/actionable_exceptions.rb:16:in `call'
actionpack (7.1.4) lib/action_dispatch/middleware/debug_exceptions.rb:29:in `call'
web-console (4.2.1) lib/web_console/middleware.rb:132:in `call_app'
web-console (4.2.1) lib/web_console/middleware.rb:19:in `block in call'
web-console (4.2.1) lib/web_console/middleware.rb:17:in `catch'
web-console (4.2.1) lib/web_console/middleware.rb:17:in `call'
actionpack (7.1.4) lib/action_dispatch/middleware/show_exceptions.rb:31:in `call'
railties (7.1.4) lib/rails/rack/logger.rb:37:in `call_app'
railties (7.1.4) lib/rails/rack/logger.rb:24:in `block in call'
activesupport (7.1.4) lib/active_support/tagged_logging.rb:139:in `block in tagged'
activesupport (7.1.4) lib/active_support/tagged_logging.rb:39:in `tagged'
activesupport (7.1.4) lib/active_support/tagged_logging.rb:139:in `tagged'
activesupport (7.1.4) lib/active_support/broadcast_logger.rb:241:in `method_missing'
railties (7.1.4) lib/rails/rack/logger.rb:24:in `call'
sprockets-rails (3.5.2) lib/sprockets/rails/quiet_assets.rb:17:in `call'
actionpack (7.1.4) lib/action_dispatch/middleware/remote_ip.rb:92:in `call'
actionpack (7.1.4) lib/action_dispatch/middleware/request_id.rb:28:in `call'
rack (3.1.7) lib/rack/method_override.rb:28:in `call'
rack (3.1.7) lib/rack/runtime.rb:24:in `call'
activesupport (7.1.4) lib/active_support/cache/strategy/local_cache_middleware.rb:29:in `call'
actionpack (7.1.4) lib/action_dispatch/middleware/server_timing.rb:59:in `block in call'
actionpack (7.1.4) lib/action_dispatch/middleware/server_timing.rb:24:in `collect_events'
actionpack (7.1.4) lib/action_dispatch/middleware/server_timing.rb:58:in `call'
actionpack (7.1.4) lib/action_dispatch/middleware/executor.rb:14:in `call'
actionpack (7.1.4) lib/action_dispatch/middleware/static.rb:25:in `call'
rack (3.1.7) lib/rack/sendfile.rb:114:in `call'
actionpack (7.1.4) lib/action_dispatch/middleware/host_authorization.rb:141:in `call'
railties (7.1.4) lib/rails/engine.rb:536:in `call'
puma (6.4.2) lib/puma/configuration.rb:272:in `call'
puma (6.4.2) lib/puma/request.rb:100:in `block in handle_request'
puma (6.4.2) lib/puma/thread_pool.rb:378:in `with_force_shutdown'
puma (6.4.2) lib/puma/request.rb:99:in `handle_request'
puma (6.4.2) lib/puma/server.rb:464:in `process_client'
puma (6.4.2) lib/puma/server.rb:245:in `block in run'
puma (6.4.2) lib/puma/thread_pool.rb:155:in `block in spawn_thread'
  [1m[36mActiveRecord::InternalMetadata Load (4.2ms)[0m  [1m[34mSELECT * FROM "ar_internal_metadata" WHERE "ar_internal_metadata"."key" = ? ORDER BY "ar_internal_metadata"."key" ASC LIMIT 1[0m  [[nil, "environment"]]
  [1m[36mActiveRecord::SchemaMigration Load (1.1ms)[0m  [1m[34mSELECT "schema_migrations"."version" FROM "schema_migrations" ORDER BY "schema_migrations"."version" ASC[0m
  [1m[36mActiveRecord::InternalMetadata Load (5.4ms)[0m  [1m[34mSELECT * FROM "ar_internal_metadata" WHERE "ar_internal_metadata"."key" = ? ORDER BY "ar_internal_metadata"."key" ASC LIMIT 1[0m  [[nil, "environment"]]
  [1m[36mActiveRecord::SchemaMigration Load (1.4ms)[0m  [1m[34mSELECT "schema_migrations"."version" FROM "schema_migrations" ORDER BY "schema_migrations"."version" ASC[0m
  [1m[36mActiveRecord::InternalMetadata Load (3.4ms)[0m  [1m[34mSELECT * FROM "ar_internal_metadata" WHERE "ar_internal_metadata"."key" = ? ORDER BY "ar_internal_metadata"."key" ASC LIMIT 1[0m  [[nil, "environment"]]
  [1m[36mActiveRecord::SchemaMigration Load (1.8ms)[0m  [1m[34mSELECT "schema_migrations"."version" FROM "schema_migrations" ORDER BY "schema_migrations"."version" ASC[0m
  [1m[36mActiveRecord::InternalMetadata Load (4.8ms)[0m  [1m[34mSELECT * FROM "ar_internal_metadata" WHERE "ar_internal_metadata"."key" = ? ORDER BY "ar_internal_metadata"."key" ASC LIMIT 1[0m  [[nil, "environment"]]
  [1m[36mActiveRecord::SchemaMigration Load (1.3ms)[0m  [1m[34mSELECT "schema_migrations"."version" FROM "schema_migrations" ORDER BY "schema_migrations"."version" ASC[0m
  [1m[36mActiveRecord::SchemaMigration Load (4.1ms)[0m  [1m[34mSELECT "schema_migrations"."version" FROM "schema_migrations" ORDER BY "schema_migrations"."version" ASC[0m
  [1m[36mActiveRecord::SchemaMigration Load (4.6ms)[0m  [1m[34mSELECT "schema_migrations"."version" FROM "schema_migrations" ORDER BY "schema_migrations"."version" ASC[0m
  [1m[36mActiveRecord::InternalMetadata Load (1.8ms)[0m  [1m[34mSELECT * FROM "ar_internal_metadata" WHERE "ar_internal_metadata"."key" = ? ORDER BY "ar_internal_metadata"."key" ASC LIMIT 1[0m  [[nil, "environment"]]
  [1m[36mActiveRecord::SchemaMigration Load (0.7ms)[0m  [1m[34mSELECT "schema_migrations"."version" FROM "schema_migrations" ORDER BY "schema_migrations"."version" ASC[0m
Migrating to CreateExampletable (20241006022222)
  [1m[36mTRANSACTION (0.1ms)[0m  [1m[36mbegin transaction[0m
  [1m[35m (15.3ms)[0m  [1m[35mCREATE TABLE "exampletables" ("id" integer PRIMARY KEY AUTOINCREMENT NOT NULL, "created_at" datetime(6) NOT NULL, "updated_at" datetime(6) NOT NULL)[0m
  [1m[36mActiveRecord::SchemaMigration Create (1.7ms)[0m  [1m[32mINSERT INTO "schema_migrations" ("version") VALUES ('20241006022222') RETURNING "version"[0m
  [1m[36mTRANSACTION (9.5ms)[0m  [1m[36mcommit transaction[0m
  [1m[36mActiveRecord::SchemaMigration Load (1.2ms)[0m  [1m[34mSELECT "schema_migrations"."version" FROM "schema_migrations" ORDER BY "schema_migrations"."version" ASC[0m
  [1m[36mActiveRecord::InternalMetadata Load (4.4ms)[0m  [1m[34mSELECT * FROM "ar_internal_metadata" WHERE "ar_internal_metadata"."key" = ? ORDER BY "ar_internal_metadata"."key" ASC LIMIT 1[0m  [[nil, "environment"]]
  [1m[36mActiveRecord::SchemaMigration Load (1.9ms)[0m  [1m[34mSELECT "schema_migrations"."version" FROM "schema_migrations" ORDER BY "schema_migrations"."version" ASC[0m
  [1m[36mActiveRecord::SchemaMigration Load (1.1ms)[0m  [1m[34mSELECT "schema_migrations"."version" FROM "schema_migrations" ORDER BY "schema_migrations"."version" ASC[0m
  [1m[36mActiveRecord::InternalMetadata Load (3.2ms)[0m  [1m[34mSELECT * FROM "ar_internal_metadata" WHERE "ar_internal_metadata"."key" = ? ORDER BY "ar_internal_metadata"."key" ASC LIMIT 1[0m  [[nil, "environment"]]
  [1m[36mActiveRecord::SchemaMigration Load (3.0ms)[0m  [1m[34mSELECT "schema_migrations"."version" FROM "schema_migrations" ORDER BY "schema_migrations"."version" ASC[0m
Migrating to CreateStudents (20241006023703)
  [1m[36mTRANSACTION (0.2ms)[0m  [1m[36mbegin transaction[0m
  [1m[35m (8.6ms)[0m  [1m[35mCREATE TABLE "students" ("id" integer PRIMARY KEY AUTOINCREMENT NOT NULL, "name" varchar, "school_email" varchar, "major" varchar, "minor" varchar, "graduation_date" date, "created_at" datetime(6) NOT NULL, "updated_at" datetime(6) NOT NULL)[0m
  [1m[36mActiveRecord::SchemaMigration Create (1.6ms)[0m  [1m[32mINSERT INTO "schema_migrations" ("version") VALUES ('20241006023703') RETURNING "version"[0m
  [1m[36mTRANSACTION (9.4ms)[0m  [1m[36mcommit transaction[0m
  [1m[36mActiveRecord::SchemaMigration Load (1.8ms)[0m  [1m[34mSELECT "schema_migrations"."version" FROM "schema_migrations" ORDER BY "schema_migrations"."version" ASC[0m
Started GET "/students" for 172.17.0.1 at 2024-10-06 02:48:14 +0000
Cannot render console from 172.17.0.1! Allowed networks: 127.0.0.0/127.255.255.255, ::1
  [1m[36mActiveRecord::SchemaMigration Load (1.4ms)[0m  [1m[34mSELECT "schema_migrations"."version" FROM "schema_migrations" ORDER BY "schema_migrations"."version" ASC[0m
  
SyntaxError (/workspace/portfolio_app/app/controllers/students_controller.rb:8: syntax error, unexpected end-of-input):
  
app/controllers/students_controller.rb:8: syntax error, unexpected end-of-input
Started GET "/students/new" for 172.17.0.1 at 2024-10-06 02:48:27 +0000
Cannot render console from 172.17.0.1! Allowed networks: 127.0.0.0/127.255.255.255, ::1
  
SyntaxError (/workspace/portfolio_app/app/controllers/students_controller.rb:8: syntax error, unexpected end-of-input):
  
app/controllers/students_controller.rb:8: syntax error, unexpected end-of-input
Started GET "/students" for 172.17.0.1 at 2024-10-06 20:42:47 +0000
Cannot render console from 172.17.0.1! Allowed networks: 127.0.0.0/127.255.255.255, ::1
  [1m[36mActiveRecord::SchemaMigration Load (1.9ms)[0m  [1m[34mSELECT "schema_migrations"."version" FROM "schema_migrations" ORDER BY "schema_migrations"."version" ASC[0m
  
SyntaxError (/workspace/portfolio_app/app/controllers/students_controller.rb:8: syntax error, unexpected end-of-input):
  
app/controllers/students_controller.rb:8: syntax error, unexpected end-of-input
Started GET "/" for 172.17.0.1 at 2024-10-06 20:43:00 +0000
Cannot render console from 172.17.0.1! Allowed networks: 127.0.0.0/127.255.255.255, ::1
  
SyntaxError (/workspace/portfolio_app/app/controllers/students_controller.rb:8: syntax error, unexpected end-of-input):
  
app/controllers/students_controller.rb:8: syntax error, unexpected end-of-input
Started GET "/" for 172.17.0.1 at 2024-10-06 20:43:05 +0000
Cannot render console from 172.17.0.1! Allowed networks: 127.0.0.0/127.255.255.255, ::1
  
SyntaxError (/workspace/portfolio_app/app/controllers/students_controller.rb:8: syntax error, unexpected end-of-input):
  
app/controllers/students_controller.rb:8: syntax error, unexpected end-of-input
Started GET "/" for 172.17.0.1 at 2024-10-06 20:50:43 +0000
Cannot render console from 172.17.0.1! Allowed networks: 127.0.0.0/127.255.255.255, ::1
  [1m[36mActiveRecord::SchemaMigration Load (3.1ms)[0m  [1m[34mSELECT "schema_migrations"."version" FROM "schema_migrations" ORDER BY "schema_migrations"."version" ASC[0m
  
SyntaxError (/workspace/portfolio_app/app/controllers/students_controller.rb:8: syntax error, unexpected end-of-input):
  
app/controllers/students_controller.rb:8: syntax error, unexpected end-of-input
Started GET "/students" for 172.17.0.1 at 2024-10-06 20:51:08 +0000
Cannot render console from 172.17.0.1! Allowed networks: 127.0.0.0/127.255.255.255, ::1
  
SyntaxError (/workspace/portfolio_app/app/controllers/students_controller.rb:8: syntax error, unexpected end-of-input):
  
app/controllers/students_controller.rb:8: syntax error, unexpected end-of-input
Started GET "/students" for 172.17.0.1 at 2024-10-06 20:58:00 +0000
Cannot render console from 172.17.0.1! Allowed networks: 127.0.0.0/127.255.255.255, ::1
  [1m[36mActiveRecord::SchemaMigration Load (3.2ms)[0m  [1m[34mSELECT "schema_migrations"."version" FROM "schema_migrations" ORDER BY "schema_migrations"."version" ASC[0m
Processing by StudentsController#index as HTML
Completed 404 Not Found in 70ms (ActiveRecord: 0.0ms | Allocations: 1927)


  
AbstractController::ActionNotFound (The show action could not be found for the :set_student
callback on StudentsController, but it is listed in the controller's
:only option.

Raising for missing callback actions is a new default in Rails 7.1, if you'd
like to turn this off you can delete the option from the environment configurations
or set `config.action_controller.raise_on_missing_callback_actions` to `false`.
):
  
actionpack (7.1.4) lib/abstract_controller/callbacks.rb:62:in `match?'
activesupport (7.1.4) lib/active_support/callbacks.rb:426:in `block in make_lambda'
activesupport (7.1.4) lib/active_support/callbacks.rb:182:in `block (2 levels) in halting_and_conditional'
activesupport (7.1.4) lib/active_support/callbacks.rb:182:in `all?'
activesupport (7.1.4) lib/active_support/callbacks.rb:182:in `block in halting_and_conditional'
activesupport (7.1.4) lib/active_support/callbacks.rb:598:in `block in invoke_before'
activesupport (7.1.4) lib/active_support/callbacks.rb:598:in `each'
activesupport (7.1.4) lib/active_support/callbacks.rb:598:in `invoke_before'
activesupport (7.1.4) lib/active_support/callbacks.rb:119:in `block in run_callbacks'
turbo-rails (2.0.7) lib/turbo-rails.rb:24:in `with_request_id'
turbo-rails (2.0.7) app/controllers/concerns/turbo/request_id_tracking.rb:10:in `turbo_tracking_request_id'
activesupport (7.1.4) lib/active_support/callbacks.rb:130:in `block in run_callbacks'
actiontext (7.1.4) lib/action_text/rendering.rb:23:in `with_renderer'
actiontext (7.1.4) lib/action_text/engine.rb:69:in `block (4 levels) in <class:Engine>'
activesupport (7.1.4) lib/active_support/callbacks.rb:130:in `instance_exec'
activesupport (7.1.4) lib/active_support/callbacks.rb:130:in `block in run_callbacks'
activesupport (7.1.4) lib/active_support/callbacks.rb:141:in `run_callbacks'
actionpack (7.1.4) lib/abstract_controller/callbacks.rb:258:in `process_action'
actionpack (7.1.4) lib/action_controller/metal/rescue.rb:25:in `process_action'
actionpack (7.1.4) lib/action_controller/metal/instrumentation.rb:74:in `block in process_action'
activesupport (7.1.4) lib/active_support/notifications.rb:206:in `block in instrument'
activesupport (7.1.4) lib/active_support/notifications/instrumenter.rb:58:in `instrument'
activesupport (7.1.4) lib/active_support/notifications.rb:206:in `instrument'
actionpack (7.1.4) lib/action_controller/metal/instrumentation.rb:73:in `process_action'
actionpack (7.1.4) lib/action_controller/metal/params_wrapper.rb:261:in `process_action'
activerecord (7.1.4) lib/active_record/railties/controller_runtime.rb:32:in `process_action'
actionpack (7.1.4) lib/abstract_controller/base.rb:160:in `process'
actionview (7.1.4) lib/action_view/rendering.rb:40:in `process'
actionpack (7.1.4) lib/action_controller/metal.rb:227:in `dispatch'
actionpack (7.1.4) lib/action_controller/metal.rb:309:in `dispatch'
actionpack (7.1.4) lib/action_dispatch/routing/route_set.rb:49:in `dispatch'
actionpack (7.1.4) lib/action_dispatch/routing/route_set.rb:32:in `serve'
actionpack (7.1.4) lib/action_dispatch/journey/router.rb:51:in `block in serve'
actionpack (7.1.4) lib/action_dispatch/journey/router.rb:131:in `block in find_routes'
actionpack (7.1.4) lib/action_dispatch/journey/router.rb:124:in `each'
actionpack (7.1.4) lib/action_dispatch/journey/router.rb:124:in `find_routes'
actionpack (7.1.4) lib/action_dispatch/journey/router.rb:32:in `serve'
actionpack (7.1.4) lib/action_dispatch/routing/route_set.rb:882:in `call'
rack (3.1.7) lib/rack/tempfile_reaper.rb:20:in `call'
rack (3.1.7) lib/rack/etag.rb:29:in `call'
rack (3.1.7) lib/rack/conditional_get.rb:31:in `call'
rack (3.1.7) lib/rack/head.rb:15:in `call'
actionpack (7.1.4) lib/action_dispatch/http/permissions_policy.rb:36:in `call'
actionpack (7.1.4) lib/action_dispatch/http/content_security_policy.rb:33:in `call'
rack-session (2.0.0) lib/rack/session/abstract/id.rb:272:in `context'
rack-session (2.0.0) lib/rack/session/abstract/id.rb:266:in `call'
actionpack (7.1.4) lib/action_dispatch/middleware/cookies.rb:689:in `call'
activerecord (7.1.4) lib/active_record/migration.rb:655:in `call'
actionpack (7.1.4) lib/action_dispatch/middleware/callbacks.rb:29:in `block in call'
activesupport (7.1.4) lib/active_support/callbacks.rb:101:in `run_callbacks'
actionpack (7.1.4) lib/action_dispatch/middleware/callbacks.rb:28:in `call'
actionpack (7.1.4) lib/action_dispatch/middleware/executor.rb:14:in `call'
actionpack (7.1.4) lib/action_dispatch/middleware/actionable_exceptions.rb:16:in `call'
actionpack (7.1.4) lib/action_dispatch/middleware/debug_exceptions.rb:29:in `call'
web-console (4.2.1) lib/web_console/middleware.rb:132:in `call_app'
web-console (4.2.1) lib/web_console/middleware.rb:19:in `block in call'
web-console (4.2.1) lib/web_console/middleware.rb:17:in `catch'
web-console (4.2.1) lib/web_console/middleware.rb:17:in `call'
actionpack (7.1.4) lib/action_dispatch/middleware/show_exceptions.rb:31:in `call'
railties (7.1.4) lib/rails/rack/logger.rb:37:in `call_app'
railties (7.1.4) lib/rails/rack/logger.rb:24:in `block in call'
activesupport (7.1.4) lib/active_support/tagged_logging.rb:139:in `block in tagged'
activesupport (7.1.4) lib/active_support/tagged_logging.rb:39:in `tagged'
activesupport (7.1.4) lib/active_support/tagged_logging.rb:139:in `tagged'
activesupport (7.1.4) lib/active_support/broadcast_logger.rb:241:in `method_missing'
railties (7.1.4) lib/rails/rack/logger.rb:24:in `call'
sprockets-rails (3.5.2) lib/sprockets/rails/quiet_assets.rb:17:in `call'
actionpack (7.1.4) lib/action_dispatch/middleware/remote_ip.rb:92:in `call'
actionpack (7.1.4) lib/action_dispatch/middleware/request_id.rb:28:in `call'
rack (3.1.7) lib/rack/method_override.rb:28:in `call'
rack (3.1.7) lib/rack/runtime.rb:24:in `call'
activesupport (7.1.4) lib/active_support/cache/strategy/local_cache_middleware.rb:29:in `call'
actionpack (7.1.4) lib/action_dispatch/middleware/server_timing.rb:59:in `block in call'
actionpack (7.1.4) lib/action_dispatch/middleware/server_timing.rb:24:in `collect_events'
actionpack (7.1.4) lib/action_dispatch/middleware/server_timing.rb:58:in `call'
actionpack (7.1.4) lib/action_dispatch/middleware/executor.rb:14:in `call'
actionpack (7.1.4) lib/action_dispatch/middleware/static.rb:25:in `call'
rack (3.1.7) lib/rack/sendfile.rb:114:in `call'
actionpack (7.1.4) lib/action_dispatch/middleware/host_authorization.rb:141:in `call'
railties (7.1.4) lib/rails/engine.rb:536:in `call'
puma (6.4.2) lib/puma/configuration.rb:272:in `call'
puma (6.4.2) lib/puma/request.rb:100:in `block in handle_request'
puma (6.4.2) lib/puma/thread_pool.rb:378:in `with_force_shutdown'
puma (6.4.2) lib/puma/request.rb:99:in `handle_request'
puma (6.4.2) lib/puma/server.rb:464:in `process_client'
puma (6.4.2) lib/puma/server.rb:245:in `block in run'
puma (6.4.2) lib/puma/thread_pool.rb:155:in `block in spawn_thread'
Started GET "/" for 172.17.0.1 at 2024-10-06 20:58:12 +0000
Cannot render console from 172.17.0.1! Allowed networks: 127.0.0.0/127.255.255.255, ::1
Processing by StudentsController#index as HTML
Completed 404 Not Found in 15ms (ActiveRecord: 0.0ms | Allocations: 524)


  
AbstractController::ActionNotFound (The show action could not be found for the :set_student
callback on StudentsController, but it is listed in the controller's
:only option.

Raising for missing callback actions is a new default in Rails 7.1, if you'd
like to turn this off you can delete the option from the environment configurations
or set `config.action_controller.raise_on_missing_callback_actions` to `false`.
):
  
actionpack (7.1.4) lib/abstract_controller/callbacks.rb:62:in `match?'
activesupport (7.1.4) lib/active_support/callbacks.rb:426:in `block in make_lambda'
activesupport (7.1.4) lib/active_support/callbacks.rb:182:in `block (2 levels) in halting_and_conditional'
activesupport (7.1.4) lib/active_support/callbacks.rb:182:in `all?'
activesupport (7.1.4) lib/active_support/callbacks.rb:182:in `block in halting_and_conditional'
activesupport (7.1.4) lib/active_support/callbacks.rb:598:in `block in invoke_before'
activesupport (7.1.4) lib/active_support/callbacks.rb:598:in `each'
activesupport (7.1.4) lib/active_support/callbacks.rb:598:in `invoke_before'
activesupport (7.1.4) lib/active_support/callbacks.rb:119:in `block in run_callbacks'
turbo-rails (2.0.7) lib/turbo-rails.rb:24:in `with_request_id'
turbo-rails (2.0.7) app/controllers/concerns/turbo/request_id_tracking.rb:10:in `turbo_tracking_request_id'
activesupport (7.1.4) lib/active_support/callbacks.rb:130:in `block in run_callbacks'
actiontext (7.1.4) lib/action_text/rendering.rb:23:in `with_renderer'
actiontext (7.1.4) lib/action_text/engine.rb:69:in `block (4 levels) in <class:Engine>'
activesupport (7.1.4) lib/active_support/callbacks.rb:130:in `instance_exec'
activesupport (7.1.4) lib/active_support/callbacks.rb:130:in `block in run_callbacks'
activesupport (7.1.4) lib/active_support/callbacks.rb:141:in `run_callbacks'
actionpack (7.1.4) lib/abstract_controller/callbacks.rb:258:in `process_action'
actionpack (7.1.4) lib/action_controller/metal/rescue.rb:25:in `process_action'
actionpack (7.1.4) lib/action_controller/metal/instrumentation.rb:74:in `block in process_action'
activesupport (7.1.4) lib/active_support/notifications.rb:206:in `block in instrument'
activesupport (7.1.4) lib/active_support/notifications/instrumenter.rb:58:in `instrument'
activesupport (7.1.4) lib/active_support/notifications.rb:206:in `instrument'
actionpack (7.1.4) lib/action_controller/metal/instrumentation.rb:73:in `process_action'
actionpack (7.1.4) lib/action_controller/metal/params_wrapper.rb:261:in `process_action'
activerecord (7.1.4) lib/active_record/railties/controller_runtime.rb:32:in `process_action'
actionpack (7.1.4) lib/abstract_controller/base.rb:160:in `process'
actionview (7.1.4) lib/action_view/rendering.rb:40:in `process'
actionpack (7.1.4) lib/action_controller/metal.rb:227:in `dispatch'
actionpack (7.1.4) lib/action_controller/metal.rb:309:in `dispatch'
actionpack (7.1.4) lib/action_dispatch/routing/route_set.rb:49:in `dispatch'
actionpack (7.1.4) lib/action_dispatch/routing/route_set.rb:32:in `serve'
actionpack (7.1.4) lib/action_dispatch/journey/router.rb:51:in `block in serve'
actionpack (7.1.4) lib/action_dispatch/journey/router.rb:131:in `block in find_routes'
actionpack (7.1.4) lib/action_dispatch/journey/router.rb:124:in `each'
actionpack (7.1.4) lib/action_dispatch/journey/router.rb:124:in `find_routes'
actionpack (7.1.4) lib/action_dispatch/journey/router.rb:32:in `serve'
actionpack (7.1.4) lib/action_dispatch/routing/route_set.rb:882:in `call'
rack (3.1.7) lib/rack/tempfile_reaper.rb:20:in `call'
rack (3.1.7) lib/rack/etag.rb:29:in `call'
rack (3.1.7) lib/rack/conditional_get.rb:31:in `call'
rack (3.1.7) lib/rack/head.rb:15:in `call'
actionpack (7.1.4) lib/action_dispatch/http/permissions_policy.rb:36:in `call'
actionpack (7.1.4) lib/action_dispatch/http/content_security_policy.rb:33:in `call'
rack-session (2.0.0) lib/rack/session/abstract/id.rb:272:in `context'
rack-session (2.0.0) lib/rack/session/abstract/id.rb:266:in `call'
actionpack (7.1.4) lib/action_dispatch/middleware/cookies.rb:689:in `call'
activerecord (7.1.4) lib/active_record/migration.rb:655:in `call'
actionpack (7.1.4) lib/action_dispatch/middleware/callbacks.rb:29:in `block in call'
activesupport (7.1.4) lib/active_support/callbacks.rb:101:in `run_callbacks'
actionpack (7.1.4) lib/action_dispatch/middleware/callbacks.rb:28:in `call'
actionpack (7.1.4) lib/action_dispatch/middleware/executor.rb:14:in `call'
actionpack (7.1.4) lib/action_dispatch/middleware/actionable_exceptions.rb:16:in `call'
actionpack (7.1.4) lib/action_dispatch/middleware/debug_exceptions.rb:29:in `call'
web-console (4.2.1) lib/web_console/middleware.rb:132:in `call_app'
web-console (4.2.1) lib/web_console/middleware.rb:19:in `block in call'
web-console (4.2.1) lib/web_console/middleware.rb:17:in `catch'
web-console (4.2.1) lib/web_console/middleware.rb:17:in `call'
actionpack (7.1.4) lib/action_dispatch/middleware/show_exceptions.rb:31:in `call'
railties (7.1.4) lib/rails/rack/logger.rb:37:in `call_app'
railties (7.1.4) lib/rails/rack/logger.rb:24:in `block in call'
activesupport (7.1.4) lib/active_support/tagged_logging.rb:139:in `block in tagged'
activesupport (7.1.4) lib/active_support/tagged_logging.rb:39:in `tagged'
activesupport (7.1.4) lib/active_support/tagged_logging.rb:139:in `tagged'
activesupport (7.1.4) lib/active_support/broadcast_logger.rb:241:in `method_missing'
railties (7.1.4) lib/rails/rack/logger.rb:24:in `call'
sprockets-rails (3.5.2) lib/sprockets/rails/quiet_assets.rb:17:in `call'
actionpack (7.1.4) lib/action_dispatch/middleware/remote_ip.rb:92:in `call'
actionpack (7.1.4) lib/action_dispatch/middleware/request_id.rb:28:in `call'
rack (3.1.7) lib/rack/method_override.rb:28:in `call'
rack (3.1.7) lib/rack/runtime.rb:24:in `call'
activesupport (7.1.4) lib/active_support/cache/strategy/local_cache_middleware.rb:29:in `call'
actionpack (7.1.4) lib/action_dispatch/middleware/server_timing.rb:59:in `block in call'
actionpack (7.1.4) lib/action_dispatch/middleware/server_timing.rb:24:in `collect_events'
actionpack (7.1.4) lib/action_dispatch/middleware/server_timing.rb:58:in `call'
actionpack (7.1.4) lib/action_dispatch/middleware/executor.rb:14:in `call'
actionpack (7.1.4) lib/action_dispatch/middleware/static.rb:25:in `call'
rack (3.1.7) lib/rack/sendfile.rb:114:in `call'
actionpack (7.1.4) lib/action_dispatch/middleware/host_authorization.rb:141:in `call'
railties (7.1.4) lib/rails/engine.rb:536:in `call'
puma (6.4.2) lib/puma/configuration.rb:272:in `call'
puma (6.4.2) lib/puma/request.rb:100:in `block in handle_request'
puma (6.4.2) lib/puma/thread_pool.rb:378:in `with_force_shutdown'
puma (6.4.2) lib/puma/request.rb:99:in `handle_request'
puma (6.4.2) lib/puma/server.rb:464:in `process_client'
puma (6.4.2) lib/puma/server.rb:245:in `block in run'
puma (6.4.2) lib/puma/thread_pool.rb:155:in `block in spawn_thread'
Started GET "/" for 172.17.0.1 at 2024-10-06 20:58:34 +0000
Cannot render console from 172.17.0.1! Allowed networks: 127.0.0.0/127.255.255.255, ::1
Processing by StudentsController#index as HTML
Completed 404 Not Found in 15ms (ActiveRecord: 0.0ms | Allocations: 520)


  
AbstractController::ActionNotFound (The show action could not be found for the :set_student
callback on StudentsController, but it is listed in the controller's
:only option.

Raising for missing callback actions is a new default in Rails 7.1, if you'd
like to turn this off you can delete the option from the environment configurations
or set `config.action_controller.raise_on_missing_callback_actions` to `false`.
):
  
actionpack (7.1.4) lib/abstract_controller/callbacks.rb:62:in `match?'
activesupport (7.1.4) lib/active_support/callbacks.rb:426:in `block in make_lambda'
activesupport (7.1.4) lib/active_support/callbacks.rb:182:in `block (2 levels) in halting_and_conditional'
activesupport (7.1.4) lib/active_support/callbacks.rb:182:in `all?'
activesupport (7.1.4) lib/active_support/callbacks.rb:182:in `block in halting_and_conditional'
activesupport (7.1.4) lib/active_support/callbacks.rb:598:in `block in invoke_before'
activesupport (7.1.4) lib/active_support/callbacks.rb:598:in `each'
activesupport (7.1.4) lib/active_support/callbacks.rb:598:in `invoke_before'
activesupport (7.1.4) lib/active_support/callbacks.rb:119:in `block in run_callbacks'
turbo-rails (2.0.7) lib/turbo-rails.rb:24:in `with_request_id'
turbo-rails (2.0.7) app/controllers/concerns/turbo/request_id_tracking.rb:10:in `turbo_tracking_request_id'
activesupport (7.1.4) lib/active_support/callbacks.rb:130:in `block in run_callbacks'
actiontext (7.1.4) lib/action_text/rendering.rb:23:in `with_renderer'
actiontext (7.1.4) lib/action_text/engine.rb:69:in `block (4 levels) in <class:Engine>'
activesupport (7.1.4) lib/active_support/callbacks.rb:130:in `instance_exec'
activesupport (7.1.4) lib/active_support/callbacks.rb:130:in `block in run_callbacks'
activesupport (7.1.4) lib/active_support/callbacks.rb:141:in `run_callbacks'
actionpack (7.1.4) lib/abstract_controller/callbacks.rb:258:in `process_action'
actionpack (7.1.4) lib/action_controller/metal/rescue.rb:25:in `process_action'
actionpack (7.1.4) lib/action_controller/metal/instrumentation.rb:74:in `block in process_action'
activesupport (7.1.4) lib/active_support/notifications.rb:206:in `block in instrument'
activesupport (7.1.4) lib/active_support/notifications/instrumenter.rb:58:in `instrument'
activesupport (7.1.4) lib/active_support/notifications.rb:206:in `instrument'
actionpack (7.1.4) lib/action_controller/metal/instrumentation.rb:73:in `process_action'
actionpack (7.1.4) lib/action_controller/metal/params_wrapper.rb:261:in `process_action'
activerecord (7.1.4) lib/active_record/railties/controller_runtime.rb:32:in `process_action'
actionpack (7.1.4) lib/abstract_controller/base.rb:160:in `process'
actionview (7.1.4) lib/action_view/rendering.rb:40:in `process'
actionpack (7.1.4) lib/action_controller/metal.rb:227:in `dispatch'
actionpack (7.1.4) lib/action_controller/metal.rb:309:in `dispatch'
actionpack (7.1.4) lib/action_dispatch/routing/route_set.rb:49:in `dispatch'
actionpack (7.1.4) lib/action_dispatch/routing/route_set.rb:32:in `serve'
actionpack (7.1.4) lib/action_dispatch/journey/router.rb:51:in `block in serve'
actionpack (7.1.4) lib/action_dispatch/journey/router.rb:131:in `block in find_routes'
actionpack (7.1.4) lib/action_dispatch/journey/router.rb:124:in `each'
actionpack (7.1.4) lib/action_dispatch/journey/router.rb:124:in `find_routes'
actionpack (7.1.4) lib/action_dispatch/journey/router.rb:32:in `serve'
actionpack (7.1.4) lib/action_dispatch/routing/route_set.rb:882:in `call'
rack (3.1.7) lib/rack/tempfile_reaper.rb:20:in `call'
rack (3.1.7) lib/rack/etag.rb:29:in `call'
rack (3.1.7) lib/rack/conditional_get.rb:31:in `call'
rack (3.1.7) lib/rack/head.rb:15:in `call'
actionpack (7.1.4) lib/action_dispatch/http/permissions_policy.rb:36:in `call'
actionpack (7.1.4) lib/action_dispatch/http/content_security_policy.rb:33:in `call'
rack-session (2.0.0) lib/rack/session/abstract/id.rb:272:in `context'
rack-session (2.0.0) lib/rack/session/abstract/id.rb:266:in `call'
actionpack (7.1.4) lib/action_dispatch/middleware/cookies.rb:689:in `call'
activerecord (7.1.4) lib/active_record/migration.rb:655:in `call'
actionpack (7.1.4) lib/action_dispatch/middleware/callbacks.rb:29:in `block in call'
activesupport (7.1.4) lib/active_support/callbacks.rb:101:in `run_callbacks'
actionpack (7.1.4) lib/action_dispatch/middleware/callbacks.rb:28:in `call'
actionpack (7.1.4) lib/action_dispatch/middleware/executor.rb:14:in `call'
actionpack (7.1.4) lib/action_dispatch/middleware/actionable_exceptions.rb:16:in `call'
actionpack (7.1.4) lib/action_dispatch/middleware/debug_exceptions.rb:29:in `call'
web-console (4.2.1) lib/web_console/middleware.rb:132:in `call_app'
web-console (4.2.1) lib/web_console/middleware.rb:19:in `block in call'
web-console (4.2.1) lib/web_console/middleware.rb:17:in `catch'
web-console (4.2.1) lib/web_console/middleware.rb:17:in `call'
actionpack (7.1.4) lib/action_dispatch/middleware/show_exceptions.rb:31:in `call'
railties (7.1.4) lib/rails/rack/logger.rb:37:in `call_app'
railties (7.1.4) lib/rails/rack/logger.rb:24:in `block in call'
activesupport (7.1.4) lib/active_support/tagged_logging.rb:139:in `block in tagged'
activesupport (7.1.4) lib/active_support/tagged_logging.rb:39:in `tagged'
activesupport (7.1.4) lib/active_support/tagged_logging.rb:139:in `tagged'
activesupport (7.1.4) lib/active_support/broadcast_logger.rb:241:in `method_missing'
railties (7.1.4) lib/rails/rack/logger.rb:24:in `call'
sprockets-rails (3.5.2) lib/sprockets/rails/quiet_assets.rb:17:in `call'
actionpack (7.1.4) lib/action_dispatch/middleware/remote_ip.rb:92:in `call'
actionpack (7.1.4) lib/action_dispatch/middleware/request_id.rb:28:in `call'
rack (3.1.7) lib/rack/method_override.rb:28:in `call'
rack (3.1.7) lib/rack/runtime.rb:24:in `call'
activesupport (7.1.4) lib/active_support/cache/strategy/local_cache_middleware.rb:29:in `call'
actionpack (7.1.4) lib/action_dispatch/middleware/server_timing.rb:59:in `block in call'
actionpack (7.1.4) lib/action_dispatch/middleware/server_timing.rb:24:in `collect_events'
actionpack (7.1.4) lib/action_dispatch/middleware/server_timing.rb:58:in `call'
actionpack (7.1.4) lib/action_dispatch/middleware/executor.rb:14:in `call'
actionpack (7.1.4) lib/action_dispatch/middleware/static.rb:25:in `call'
rack (3.1.7) lib/rack/sendfile.rb:114:in `call'
actionpack (7.1.4) lib/action_dispatch/middleware/host_authorization.rb:141:in `call'
railties (7.1.4) lib/rails/engine.rb:536:in `call'
puma (6.4.2) lib/puma/configuration.rb:272:in `call'
puma (6.4.2) lib/puma/request.rb:100:in `block in handle_request'
puma (6.4.2) lib/puma/thread_pool.rb:378:in `with_force_shutdown'
puma (6.4.2) lib/puma/request.rb:99:in `handle_request'
puma (6.4.2) lib/puma/server.rb:464:in `process_client'
puma (6.4.2) lib/puma/server.rb:245:in `block in run'
puma (6.4.2) lib/puma/thread_pool.rb:155:in `block in spawn_thread'
Started GET "/" for 172.17.0.1 at 2024-10-06 21:00:58 +0000
Cannot render console from 172.17.0.1! Allowed networks: 127.0.0.0/127.255.255.255, ::1
Processing by StudentsController#index as HTML
Completed 406 Not Acceptable in 296ms (ActiveRecord: 0.0ms | Allocations: 9897)


  
ActionController::MissingExactTemplate (StudentsController#index is missing a template for request formats: text/html):
  
actionpack (7.1.4) lib/action_controller/metal/implicit_render.rb:47:in `default_render'
actionpack (7.1.4) lib/action_controller/metal/basic_implicit_render.rb:7:in `send_action'
actionpack (7.1.4) lib/abstract_controller/base.rb:224:in `process_action'
actionpack (7.1.4) lib/action_controller/metal/rendering.rb:165:in `process_action'
actionpack (7.1.4) lib/abstract_controller/callbacks.rb:259:in `block in process_action'
activesupport (7.1.4) lib/active_support/callbacks.rb:121:in `block in run_callbacks'
turbo-rails (2.0.7) lib/turbo-rails.rb:24:in `with_request_id'
turbo-rails (2.0.7) app/controllers/concerns/turbo/request_id_tracking.rb:10:in `turbo_tracking_request_id'
activesupport (7.1.4) lib/active_support/callbacks.rb:130:in `block in run_callbacks'
actiontext (7.1.4) lib/action_text/rendering.rb:23:in `with_renderer'
actiontext (7.1.4) lib/action_text/engine.rb:69:in `block (4 levels) in <class:Engine>'
activesupport (7.1.4) lib/active_support/callbacks.rb:130:in `instance_exec'
activesupport (7.1.4) lib/active_support/callbacks.rb:130:in `block in run_callbacks'
activesupport (7.1.4) lib/active_support/callbacks.rb:141:in `run_callbacks'
actionpack (7.1.4) lib/abstract_controller/callbacks.rb:258:in `process_action'
actionpack (7.1.4) lib/action_controller/metal/rescue.rb:25:in `process_action'
actionpack (7.1.4) lib/action_controller/metal/instrumentation.rb:74:in `block in process_action'
activesupport (7.1.4) lib/active_support/notifications.rb:206:in `block in instrument'
activesupport (7.1.4) lib/active_support/notifications/instrumenter.rb:58:in `instrument'
activesupport (7.1.4) lib/active_support/notifications.rb:206:in `instrument'
actionpack (7.1.4) lib/action_controller/metal/instrumentation.rb:73:in `process_action'
actionpack (7.1.4) lib/action_controller/metal/params_wrapper.rb:261:in `process_action'
activerecord (7.1.4) lib/active_record/railties/controller_runtime.rb:32:in `process_action'
actionpack (7.1.4) lib/abstract_controller/base.rb:160:in `process'
actionview (7.1.4) lib/action_view/rendering.rb:40:in `process'
actionpack (7.1.4) lib/action_controller/metal.rb:227:in `dispatch'
actionpack (7.1.4) lib/action_controller/metal.rb:309:in `dispatch'
actionpack (7.1.4) lib/action_dispatch/routing/route_set.rb:49:in `dispatch'
actionpack (7.1.4) lib/action_dispatch/routing/route_set.rb:32:in `serve'
actionpack (7.1.4) lib/action_dispatch/journey/router.rb:51:in `block in serve'
actionpack (7.1.4) lib/action_dispatch/journey/router.rb:131:in `block in find_routes'
actionpack (7.1.4) lib/action_dispatch/journey/router.rb:124:in `each'
actionpack (7.1.4) lib/action_dispatch/journey/router.rb:124:in `find_routes'
actionpack (7.1.4) lib/action_dispatch/journey/router.rb:32:in `serve'
actionpack (7.1.4) lib/action_dispatch/routing/route_set.rb:882:in `call'
rack (3.1.7) lib/rack/tempfile_reaper.rb:20:in `call'
rack (3.1.7) lib/rack/etag.rb:29:in `call'
rack (3.1.7) lib/rack/conditional_get.rb:31:in `call'
rack (3.1.7) lib/rack/head.rb:15:in `call'
actionpack (7.1.4) lib/action_dispatch/http/permissions_policy.rb:36:in `call'
actionpack (7.1.4) lib/action_dispatch/http/content_security_policy.rb:33:in `call'
rack-session (2.0.0) lib/rack/session/abstract/id.rb:272:in `context'
rack-session (2.0.0) lib/rack/session/abstract/id.rb:266:in `call'
actionpack (7.1.4) lib/action_dispatch/middleware/cookies.rb:689:in `call'
activerecord (7.1.4) lib/active_record/migration.rb:655:in `call'
actionpack (7.1.4) lib/action_dispatch/middleware/callbacks.rb:29:in `block in call'
activesupport (7.1.4) lib/active_support/callbacks.rb:101:in `run_callbacks'
actionpack (7.1.4) lib/action_dispatch/middleware/callbacks.rb:28:in `call'
actionpack (7.1.4) lib/action_dispatch/middleware/executor.rb:14:in `call'
actionpack (7.1.4) lib/action_dispatch/middleware/actionable_exceptions.rb:16:in `call'
actionpack (7.1.4) lib/action_dispatch/middleware/debug_exceptions.rb:29:in `call'
web-console (4.2.1) lib/web_console/middleware.rb:132:in `call_app'
web-console (4.2.1) lib/web_console/middleware.rb:19:in `block in call'
web-console (4.2.1) lib/web_console/middleware.rb:17:in `catch'
web-console (4.2.1) lib/web_console/middleware.rb:17:in `call'
actionpack (7.1.4) lib/action_dispatch/middleware/show_exceptions.rb:31:in `call'
railties (7.1.4) lib/rails/rack/logger.rb:37:in `call_app'
railties (7.1.4) lib/rails/rack/logger.rb:24:in `block in call'
activesupport (7.1.4) lib/active_support/tagged_logging.rb:139:in `block in tagged'
activesupport (7.1.4) lib/active_support/tagged_logging.rb:39:in `tagged'
activesupport (7.1.4) lib/active_support/tagged_logging.rb:139:in `tagged'
activesupport (7.1.4) lib/active_support/broadcast_logger.rb:241:in `method_missing'
railties (7.1.4) lib/rails/rack/logger.rb:24:in `call'
sprockets-rails (3.5.2) lib/sprockets/rails/quiet_assets.rb:17:in `call'
actionpack (7.1.4) lib/action_dispatch/middleware/remote_ip.rb:92:in `call'
actionpack (7.1.4) lib/action_dispatch/middleware/request_id.rb:28:in `call'
rack (3.1.7) lib/rack/method_override.rb:28:in `call'
rack (3.1.7) lib/rack/runtime.rb:24:in `call'
activesupport (7.1.4) lib/active_support/cache/strategy/local_cache_middleware.rb:29:in `call'
actionpack (7.1.4) lib/action_dispatch/middleware/server_timing.rb:59:in `block in call'
actionpack (7.1.4) lib/action_dispatch/middleware/server_timing.rb:24:in `collect_events'
actionpack (7.1.4) lib/action_dispatch/middleware/server_timing.rb:58:in `call'
actionpack (7.1.4) lib/action_dispatch/middleware/executor.rb:14:in `call'
actionpack (7.1.4) lib/action_dispatch/middleware/static.rb:25:in `call'
rack (3.1.7) lib/rack/sendfile.rb:114:in `call'
actionpack (7.1.4) lib/action_dispatch/middleware/host_authorization.rb:141:in `call'
railties (7.1.4) lib/rails/engine.rb:536:in `call'
puma (6.4.2) lib/puma/configuration.rb:272:in `call'
puma (6.4.2) lib/puma/request.rb:100:in `block in handle_request'
puma (6.4.2) lib/puma/thread_pool.rb:378:in `with_force_shutdown'
puma (6.4.2) lib/puma/request.rb:99:in `handle_request'
puma (6.4.2) lib/puma/server.rb:464:in `process_client'
puma (6.4.2) lib/puma/server.rb:245:in `block in run'
puma (6.4.2) lib/puma/thread_pool.rb:155:in `block in spawn_thread'
Started GET "/students" for 172.17.0.1 at 2024-10-06 22:45:22 +0000
Cannot render console from 172.17.0.1! Allowed networks: 127.0.0.0/127.255.255.255, ::1
Processing by StudentsController#index as HTML
Completed 406 Not Acceptable in 125ms (ActiveRecord: 0.0ms | Allocations: 1406)


  
ActionController::MissingExactTemplate (StudentsController#index is missing a template for request formats: text/html):
  
actionpack (7.1.4) lib/action_controller/metal/implicit_render.rb:47:in `default_render'
actionpack (7.1.4) lib/action_controller/metal/basic_implicit_render.rb:7:in `send_action'
actionpack (7.1.4) lib/abstract_controller/base.rb:224:in `process_action'
actionpack (7.1.4) lib/action_controller/metal/rendering.rb:165:in `process_action'
actionpack (7.1.4) lib/abstract_controller/callbacks.rb:259:in `block in process_action'
activesupport (7.1.4) lib/active_support/callbacks.rb:121:in `block in run_callbacks'
turbo-rails (2.0.7) lib/turbo-rails.rb:24:in `with_request_id'
turbo-rails (2.0.7) app/controllers/concerns/turbo/request_id_tracking.rb:10:in `turbo_tracking_request_id'
activesupport (7.1.4) lib/active_support/callbacks.rb:130:in `block in run_callbacks'
actiontext (7.1.4) lib/action_text/rendering.rb:23:in `with_renderer'
actiontext (7.1.4) lib/action_text/engine.rb:69:in `block (4 levels) in <class:Engine>'
activesupport (7.1.4) lib/active_support/callbacks.rb:130:in `instance_exec'
activesupport (7.1.4) lib/active_support/callbacks.rb:130:in `block in run_callbacks'
activesupport (7.1.4) lib/active_support/callbacks.rb:141:in `run_callbacks'
actionpack (7.1.4) lib/abstract_controller/callbacks.rb:258:in `process_action'
actionpack (7.1.4) lib/action_controller/metal/rescue.rb:25:in `process_action'
actionpack (7.1.4) lib/action_controller/metal/instrumentation.rb:74:in `block in process_action'
activesupport (7.1.4) lib/active_support/notifications.rb:206:in `block in instrument'
activesupport (7.1.4) lib/active_support/notifications/instrumenter.rb:58:in `instrument'
activesupport (7.1.4) lib/active_support/notifications.rb:206:in `instrument'
actionpack (7.1.4) lib/action_controller/metal/instrumentation.rb:73:in `process_action'
actionpack (7.1.4) lib/action_controller/metal/params_wrapper.rb:261:in `process_action'
activerecord (7.1.4) lib/active_record/railties/controller_runtime.rb:32:in `process_action'
actionpack (7.1.4) lib/abstract_controller/base.rb:160:in `process'
actionview (7.1.4) lib/action_view/rendering.rb:40:in `process'
actionpack (7.1.4) lib/action_controller/metal.rb:227:in `dispatch'
actionpack (7.1.4) lib/action_controller/metal.rb:309:in `dispatch'
actionpack (7.1.4) lib/action_dispatch/routing/route_set.rb:49:in `dispatch'
actionpack (7.1.4) lib/action_dispatch/routing/route_set.rb:32:in `serve'
actionpack (7.1.4) lib/action_dispatch/journey/router.rb:51:in `block in serve'
actionpack (7.1.4) lib/action_dispatch/journey/router.rb:131:in `block in find_routes'
actionpack (7.1.4) lib/action_dispatch/journey/router.rb:124:in `each'
actionpack (7.1.4) lib/action_dispatch/journey/router.rb:124:in `find_routes'
actionpack (7.1.4) lib/action_dispatch/journey/router.rb:32:in `serve'
actionpack (7.1.4) lib/action_dispatch/routing/route_set.rb:882:in `call'
rack (3.1.7) lib/rack/tempfile_reaper.rb:20:in `call'
rack (3.1.7) lib/rack/etag.rb:29:in `call'
rack (3.1.7) lib/rack/conditional_get.rb:31:in `call'
rack (3.1.7) lib/rack/head.rb:15:in `call'
actionpack (7.1.4) lib/action_dispatch/http/permissions_policy.rb:36:in `call'
actionpack (7.1.4) lib/action_dispatch/http/content_security_policy.rb:33:in `call'
rack-session (2.0.0) lib/rack/session/abstract/id.rb:272:in `context'
rack-session (2.0.0) lib/rack/session/abstract/id.rb:266:in `call'
actionpack (7.1.4) lib/action_dispatch/middleware/cookies.rb:689:in `call'
activerecord (7.1.4) lib/active_record/migration.rb:655:in `call'
actionpack (7.1.4) lib/action_dispatch/middleware/callbacks.rb:29:in `block in call'
activesupport (7.1.4) lib/active_support/callbacks.rb:101:in `run_callbacks'
actionpack (7.1.4) lib/action_dispatch/middleware/callbacks.rb:28:in `call'
actionpack (7.1.4) lib/action_dispatch/middleware/executor.rb:14:in `call'
actionpack (7.1.4) lib/action_dispatch/middleware/actionable_exceptions.rb:16:in `call'
actionpack (7.1.4) lib/action_dispatch/middleware/debug_exceptions.rb:29:in `call'
web-console (4.2.1) lib/web_console/middleware.rb:132:in `call_app'
web-console (4.2.1) lib/web_console/middleware.rb:19:in `block in call'
web-console (4.2.1) lib/web_console/middleware.rb:17:in `catch'
web-console (4.2.1) lib/web_console/middleware.rb:17:in `call'
actionpack (7.1.4) lib/action_dispatch/middleware/show_exceptions.rb:31:in `call'
railties (7.1.4) lib/rails/rack/logger.rb:37:in `call_app'
railties (7.1.4) lib/rails/rack/logger.rb:24:in `block in call'
activesupport (7.1.4) lib/active_support/tagged_logging.rb:139:in `block in tagged'
activesupport (7.1.4) lib/active_support/tagged_logging.rb:39:in `tagged'
activesupport (7.1.4) lib/active_support/tagged_logging.rb:139:in `tagged'
activesupport (7.1.4) lib/active_support/broadcast_logger.rb:241:in `method_missing'
railties (7.1.4) lib/rails/rack/logger.rb:24:in `call'
sprockets-rails (3.5.2) lib/sprockets/rails/quiet_assets.rb:17:in `call'
actionpack (7.1.4) lib/action_dispatch/middleware/remote_ip.rb:92:in `call'
actionpack (7.1.4) lib/action_dispatch/middleware/request_id.rb:28:in `call'
rack (3.1.7) lib/rack/method_override.rb:28:in `call'
rack (3.1.7) lib/rack/runtime.rb:24:in `call'
activesupport (7.1.4) lib/active_support/cache/strategy/local_cache_middleware.rb:29:in `call'
actionpack (7.1.4) lib/action_dispatch/middleware/server_timing.rb:59:in `block in call'
actionpack (7.1.4) lib/action_dispatch/middleware/server_timing.rb:24:in `collect_events'
actionpack (7.1.4) lib/action_dispatch/middleware/server_timing.rb:58:in `call'
actionpack (7.1.4) lib/action_dispatch/middleware/executor.rb:14:in `call'
actionpack (7.1.4) lib/action_dispatch/middleware/static.rb:25:in `call'
rack (3.1.7) lib/rack/sendfile.rb:114:in `call'
actionpack (7.1.4) lib/action_dispatch/middleware/host_authorization.rb:141:in `call'
railties (7.1.4) lib/rails/engine.rb:536:in `call'
puma (6.4.2) lib/puma/configuration.rb:272:in `call'
puma (6.4.2) lib/puma/request.rb:100:in `block in handle_request'
puma (6.4.2) lib/puma/thread_pool.rb:378:in `with_force_shutdown'
puma (6.4.2) lib/puma/request.rb:99:in `handle_request'
puma (6.4.2) lib/puma/server.rb:464:in `process_client'
puma (6.4.2) lib/puma/server.rb:245:in `block in run'
puma (6.4.2) lib/puma/thread_pool.rb:155:in `block in spawn_thread'
Started GET "/" for 172.17.0.1 at 2024-10-06 22:48:55 +0000
Cannot render console from 172.17.0.1! Allowed networks: 127.0.0.0/127.255.255.255, ::1
Processing by StudentsController#index as HTML
Completed 406 Not Acceptable in 35ms (ActiveRecord: 0.0ms | Allocations: 562)


  
ActionController::MissingExactTemplate (StudentsController#index is missing a template for request formats: text/html):
  
actionpack (7.1.4) lib/action_controller/metal/implicit_render.rb:47:in `default_render'
actionpack (7.1.4) lib/action_controller/metal/basic_implicit_render.rb:7:in `send_action'
actionpack (7.1.4) lib/abstract_controller/base.rb:224:in `process_action'
actionpack (7.1.4) lib/action_controller/metal/rendering.rb:165:in `process_action'
actionpack (7.1.4) lib/abstract_controller/callbacks.rb:259:in `block in process_action'
activesupport (7.1.4) lib/active_support/callbacks.rb:121:in `block in run_callbacks'
turbo-rails (2.0.7) lib/turbo-rails.rb:24:in `with_request_id'
turbo-rails (2.0.7) app/controllers/concerns/turbo/request_id_tracking.rb:10:in `turbo_tracking_request_id'
activesupport (7.1.4) lib/active_support/callbacks.rb:130:in `block in run_callbacks'
actiontext (7.1.4) lib/action_text/rendering.rb:23:in `with_renderer'
actiontext (7.1.4) lib/action_text/engine.rb:69:in `block (4 levels) in <class:Engine>'
activesupport (7.1.4) lib/active_support/callbacks.rb:130:in `instance_exec'
activesupport (7.1.4) lib/active_support/callbacks.rb:130:in `block in run_callbacks'
activesupport (7.1.4) lib/active_support/callbacks.rb:141:in `run_callbacks'
actionpack (7.1.4) lib/abstract_controller/callbacks.rb:258:in `process_action'
actionpack (7.1.4) lib/action_controller/metal/rescue.rb:25:in `process_action'
actionpack (7.1.4) lib/action_controller/metal/instrumentation.rb:74:in `block in process_action'
activesupport (7.1.4) lib/active_support/notifications.rb:206:in `block in instrument'
activesupport (7.1.4) lib/active_support/notifications/instrumenter.rb:58:in `instrument'
activesupport (7.1.4) lib/active_support/notifications.rb:206:in `instrument'
actionpack (7.1.4) lib/action_controller/metal/instrumentation.rb:73:in `process_action'
actionpack (7.1.4) lib/action_controller/metal/params_wrapper.rb:261:in `process_action'
activerecord (7.1.4) lib/active_record/railties/controller_runtime.rb:32:in `process_action'
actionpack (7.1.4) lib/abstract_controller/base.rb:160:in `process'
actionview (7.1.4) lib/action_view/rendering.rb:40:in `process'
actionpack (7.1.4) lib/action_controller/metal.rb:227:in `dispatch'
actionpack (7.1.4) lib/action_controller/metal.rb:309:in `dispatch'
actionpack (7.1.4) lib/action_dispatch/routing/route_set.rb:49:in `dispatch'
actionpack (7.1.4) lib/action_dispatch/routing/route_set.rb:32:in `serve'
actionpack (7.1.4) lib/action_dispatch/journey/router.rb:51:in `block in serve'
actionpack (7.1.4) lib/action_dispatch/journey/router.rb:131:in `block in find_routes'
actionpack (7.1.4) lib/action_dispatch/journey/router.rb:124:in `each'
actionpack (7.1.4) lib/action_dispatch/journey/router.rb:124:in `find_routes'
actionpack (7.1.4) lib/action_dispatch/journey/router.rb:32:in `serve'
actionpack (7.1.4) lib/action_dispatch/routing/route_set.rb:882:in `call'
rack (3.1.7) lib/rack/tempfile_reaper.rb:20:in `call'
rack (3.1.7) lib/rack/etag.rb:29:in `call'
rack (3.1.7) lib/rack/conditional_get.rb:31:in `call'
rack (3.1.7) lib/rack/head.rb:15:in `call'
actionpack (7.1.4) lib/action_dispatch/http/permissions_policy.rb:36:in `call'
actionpack (7.1.4) lib/action_dispatch/http/content_security_policy.rb:33:in `call'
rack-session (2.0.0) lib/rack/session/abstract/id.rb:272:in `context'
rack-session (2.0.0) lib/rack/session/abstract/id.rb:266:in `call'
actionpack (7.1.4) lib/action_dispatch/middleware/cookies.rb:689:in `call'
activerecord (7.1.4) lib/active_record/migration.rb:655:in `call'
actionpack (7.1.4) lib/action_dispatch/middleware/callbacks.rb:29:in `block in call'
activesupport (7.1.4) lib/active_support/callbacks.rb:101:in `run_callbacks'
actionpack (7.1.4) lib/action_dispatch/middleware/callbacks.rb:28:in `call'
actionpack (7.1.4) lib/action_dispatch/middleware/executor.rb:14:in `call'
actionpack (7.1.4) lib/action_dispatch/middleware/actionable_exceptions.rb:16:in `call'
actionpack (7.1.4) lib/action_dispatch/middleware/debug_exceptions.rb:29:in `call'
web-console (4.2.1) lib/web_console/middleware.rb:132:in `call_app'
web-console (4.2.1) lib/web_console/middleware.rb:19:in `block in call'
web-console (4.2.1) lib/web_console/middleware.rb:17:in `catch'
web-console (4.2.1) lib/web_console/middleware.rb:17:in `call'
actionpack (7.1.4) lib/action_dispatch/middleware/show_exceptions.rb:31:in `call'
railties (7.1.4) lib/rails/rack/logger.rb:37:in `call_app'
railties (7.1.4) lib/rails/rack/logger.rb:24:in `block in call'
activesupport (7.1.4) lib/active_support/tagged_logging.rb:139:in `block in tagged'
activesupport (7.1.4) lib/active_support/tagged_logging.rb:39:in `tagged'
activesupport (7.1.4) lib/active_support/tagged_logging.rb:139:in `tagged'
activesupport (7.1.4) lib/active_support/broadcast_logger.rb:241:in `method_missing'
railties (7.1.4) lib/rails/rack/logger.rb:24:in `call'
sprockets-rails (3.5.2) lib/sprockets/rails/quiet_assets.rb:17:in `call'
actionpack (7.1.4) lib/action_dispatch/middleware/remote_ip.rb:92:in `call'
actionpack (7.1.4) lib/action_dispatch/middleware/request_id.rb:28:in `call'
rack (3.1.7) lib/rack/method_override.rb:28:in `call'
rack (3.1.7) lib/rack/runtime.rb:24:in `call'
activesupport (7.1.4) lib/active_support/cache/strategy/local_cache_middleware.rb:29:in `call'
actionpack (7.1.4) lib/action_dispatch/middleware/server_timing.rb:59:in `block in call'
actionpack (7.1.4) lib/action_dispatch/middleware/server_timing.rb:24:in `collect_events'
actionpack (7.1.4) lib/action_dispatch/middleware/server_timing.rb:58:in `call'
actionpack (7.1.4) lib/action_dispatch/middleware/executor.rb:14:in `call'
actionpack (7.1.4) lib/action_dispatch/middleware/static.rb:25:in `call'
rack (3.1.7) lib/rack/sendfile.rb:114:in `call'
actionpack (7.1.4) lib/action_dispatch/middleware/host_authorization.rb:141:in `call'
railties (7.1.4) lib/rails/engine.rb:536:in `call'
puma (6.4.2) lib/puma/configuration.rb:272:in `call'
puma (6.4.2) lib/puma/request.rb:100:in `block in handle_request'
puma (6.4.2) lib/puma/thread_pool.rb:378:in `with_force_shutdown'
puma (6.4.2) lib/puma/request.rb:99:in `handle_request'
puma (6.4.2) lib/puma/server.rb:464:in `process_client'
puma (6.4.2) lib/puma/server.rb:245:in `block in run'
puma (6.4.2) lib/puma/thread_pool.rb:155:in `block in spawn_thread'
Started GET "/students" for 172.17.0.1 at 2024-10-06 22:52:55 +0000
Cannot render console from 172.17.0.1! Allowed networks: 127.0.0.0/127.255.255.255, ::1
  [1m[36mActiveRecord::SchemaMigration Load (3.0ms)[0m  [1m[34mSELECT "schema_migrations"."version" FROM "schema_migrations" ORDER BY "schema_migrations"."version" ASC[0m
Processing by StudentsController#index as HTML
Completed 406 Not Acceptable in 284ms (ActiveRecord: 0.0ms | Allocations: 7805)


  
ActionController::MissingExactTemplate (StudentsController#index is missing a template for request formats: text/html):
  
actionpack (7.1.4) lib/action_controller/metal/implicit_render.rb:47:in `default_render'
actionpack (7.1.4) lib/action_controller/metal/basic_implicit_render.rb:7:in `send_action'
actionpack (7.1.4) lib/abstract_controller/base.rb:224:in `process_action'
actionpack (7.1.4) lib/action_controller/metal/rendering.rb:165:in `process_action'
actionpack (7.1.4) lib/abstract_controller/callbacks.rb:259:in `block in process_action'
activesupport (7.1.4) lib/active_support/callbacks.rb:121:in `block in run_callbacks'
turbo-rails (2.0.7) lib/turbo-rails.rb:24:in `with_request_id'
turbo-rails (2.0.7) app/controllers/concerns/turbo/request_id_tracking.rb:10:in `turbo_tracking_request_id'
activesupport (7.1.4) lib/active_support/callbacks.rb:130:in `block in run_callbacks'
actiontext (7.1.4) lib/action_text/rendering.rb:23:in `with_renderer'
actiontext (7.1.4) lib/action_text/engine.rb:69:in `block (4 levels) in <class:Engine>'
activesupport (7.1.4) lib/active_support/callbacks.rb:130:in `instance_exec'
activesupport (7.1.4) lib/active_support/callbacks.rb:130:in `block in run_callbacks'
activesupport (7.1.4) lib/active_support/callbacks.rb:141:in `run_callbacks'
actionpack (7.1.4) lib/abstract_controller/callbacks.rb:258:in `process_action'
actionpack (7.1.4) lib/action_controller/metal/rescue.rb:25:in `process_action'
actionpack (7.1.4) lib/action_controller/metal/instrumentation.rb:74:in `block in process_action'
activesupport (7.1.4) lib/active_support/notifications.rb:206:in `block in instrument'
activesupport (7.1.4) lib/active_support/notifications/instrumenter.rb:58:in `instrument'
activesupport (7.1.4) lib/active_support/notifications.rb:206:in `instrument'
actionpack (7.1.4) lib/action_controller/metal/instrumentation.rb:73:in `process_action'
actionpack (7.1.4) lib/action_controller/metal/params_wrapper.rb:261:in `process_action'
activerecord (7.1.4) lib/active_record/railties/controller_runtime.rb:32:in `process_action'
actionpack (7.1.4) lib/abstract_controller/base.rb:160:in `process'
actionview (7.1.4) lib/action_view/rendering.rb:40:in `process'
actionpack (7.1.4) lib/action_controller/metal.rb:227:in `dispatch'
actionpack (7.1.4) lib/action_controller/metal.rb:309:in `dispatch'
actionpack (7.1.4) lib/action_dispatch/routing/route_set.rb:49:in `dispatch'
actionpack (7.1.4) lib/action_dispatch/routing/route_set.rb:32:in `serve'
actionpack (7.1.4) lib/action_dispatch/journey/router.rb:51:in `block in serve'
actionpack (7.1.4) lib/action_dispatch/journey/router.rb:131:in `block in find_routes'
actionpack (7.1.4) lib/action_dispatch/journey/router.rb:124:in `each'
actionpack (7.1.4) lib/action_dispatch/journey/router.rb:124:in `find_routes'
actionpack (7.1.4) lib/action_dispatch/journey/router.rb:32:in `serve'
actionpack (7.1.4) lib/action_dispatch/routing/route_set.rb:882:in `call'
rack (3.1.7) lib/rack/tempfile_reaper.rb:20:in `call'
rack (3.1.7) lib/rack/etag.rb:29:in `call'
rack (3.1.7) lib/rack/conditional_get.rb:31:in `call'
rack (3.1.7) lib/rack/head.rb:15:in `call'
actionpack (7.1.4) lib/action_dispatch/http/permissions_policy.rb:36:in `call'
actionpack (7.1.4) lib/action_dispatch/http/content_security_policy.rb:33:in `call'
rack-session (2.0.0) lib/rack/session/abstract/id.rb:272:in `context'
rack-session (2.0.0) lib/rack/session/abstract/id.rb:266:in `call'
actionpack (7.1.4) lib/action_dispatch/middleware/cookies.rb:689:in `call'
activerecord (7.1.4) lib/active_record/migration.rb:655:in `call'
actionpack (7.1.4) lib/action_dispatch/middleware/callbacks.rb:29:in `block in call'
activesupport (7.1.4) lib/active_support/callbacks.rb:101:in `run_callbacks'
actionpack (7.1.4) lib/action_dispatch/middleware/callbacks.rb:28:in `call'
actionpack (7.1.4) lib/action_dispatch/middleware/executor.rb:14:in `call'
actionpack (7.1.4) lib/action_dispatch/middleware/actionable_exceptions.rb:16:in `call'
actionpack (7.1.4) lib/action_dispatch/middleware/debug_exceptions.rb:29:in `call'
web-console (4.2.1) lib/web_console/middleware.rb:132:in `call_app'
web-console (4.2.1) lib/web_console/middleware.rb:19:in `block in call'
web-console (4.2.1) lib/web_console/middleware.rb:17:in `catch'
web-console (4.2.1) lib/web_console/middleware.rb:17:in `call'
actionpack (7.1.4) lib/action_dispatch/middleware/show_exceptions.rb:31:in `call'
railties (7.1.4) lib/rails/rack/logger.rb:37:in `call_app'
railties (7.1.4) lib/rails/rack/logger.rb:24:in `block in call'
activesupport (7.1.4) lib/active_support/tagged_logging.rb:139:in `block in tagged'
activesupport (7.1.4) lib/active_support/tagged_logging.rb:39:in `tagged'
activesupport (7.1.4) lib/active_support/tagged_logging.rb:139:in `tagged'
activesupport (7.1.4) lib/active_support/broadcast_logger.rb:241:in `method_missing'
railties (7.1.4) lib/rails/rack/logger.rb:24:in `call'
sprockets-rails (3.5.2) lib/sprockets/rails/quiet_assets.rb:17:in `call'
actionpack (7.1.4) lib/action_dispatch/middleware/remote_ip.rb:92:in `call'
actionpack (7.1.4) lib/action_dispatch/middleware/request_id.rb:28:in `call'
rack (3.1.7) lib/rack/method_override.rb:28:in `call'
rack (3.1.7) lib/rack/runtime.rb:24:in `call'
activesupport (7.1.4) lib/active_support/cache/strategy/local_cache_middleware.rb:29:in `call'
actionpack (7.1.4) lib/action_dispatch/middleware/server_timing.rb:59:in `block in call'
actionpack (7.1.4) lib/action_dispatch/middleware/server_timing.rb:24:in `collect_events'
actionpack (7.1.4) lib/action_dispatch/middleware/server_timing.rb:58:in `call'
actionpack (7.1.4) lib/action_dispatch/middleware/executor.rb:14:in `call'
actionpack (7.1.4) lib/action_dispatch/middleware/static.rb:25:in `call'
rack (3.1.7) lib/rack/sendfile.rb:114:in `call'
actionpack (7.1.4) lib/action_dispatch/middleware/host_authorization.rb:141:in `call'
railties (7.1.4) lib/rails/engine.rb:536:in `call'
puma (6.4.2) lib/puma/configuration.rb:272:in `call'
puma (6.4.2) lib/puma/request.rb:100:in `block in handle_request'
puma (6.4.2) lib/puma/thread_pool.rb:378:in `with_force_shutdown'
puma (6.4.2) lib/puma/request.rb:99:in `handle_request'
puma (6.4.2) lib/puma/server.rb:464:in `process_client'
puma (6.4.2) lib/puma/server.rb:245:in `block in run'
puma (6.4.2) lib/puma/thread_pool.rb:155:in `block in spawn_thread'
Started GET "/" for 172.17.0.1 at 2024-10-06 23:04:14 +0000
Cannot render console from 172.17.0.1! Allowed networks: 127.0.0.0/127.255.255.255, ::1
  [1m[36mActiveRecord::SchemaMigration Load (2.5ms)[0m  [1m[34mSELECT "schema_migrations"."version" FROM "schema_migrations" ORDER BY "schema_migrations"."version" ASC[0m
Processing by StudentsController#index as HTML
Completed 406 Not Acceptable in 160ms (ActiveRecord: 0.0ms | Allocations: 7805)


  
ActionController::MissingExactTemplate (StudentsController#index is missing a template for request formats: text/html):
  
actionpack (7.1.4) lib/action_controller/metal/implicit_render.rb:47:in `default_render'
actionpack (7.1.4) lib/action_controller/metal/basic_implicit_render.rb:7:in `send_action'
actionpack (7.1.4) lib/abstract_controller/base.rb:224:in `process_action'
actionpack (7.1.4) lib/action_controller/metal/rendering.rb:165:in `process_action'
actionpack (7.1.4) lib/abstract_controller/callbacks.rb:259:in `block in process_action'
activesupport (7.1.4) lib/active_support/callbacks.rb:121:in `block in run_callbacks'
turbo-rails (2.0.7) lib/turbo-rails.rb:24:in `with_request_id'
turbo-rails (2.0.7) app/controllers/concerns/turbo/request_id_tracking.rb:10:in `turbo_tracking_request_id'
activesupport (7.1.4) lib/active_support/callbacks.rb:130:in `block in run_callbacks'
actiontext (7.1.4) lib/action_text/rendering.rb:23:in `with_renderer'
actiontext (7.1.4) lib/action_text/engine.rb:69:in `block (4 levels) in <class:Engine>'
activesupport (7.1.4) lib/active_support/callbacks.rb:130:in `instance_exec'
activesupport (7.1.4) lib/active_support/callbacks.rb:130:in `block in run_callbacks'
activesupport (7.1.4) lib/active_support/callbacks.rb:141:in `run_callbacks'
actionpack (7.1.4) lib/abstract_controller/callbacks.rb:258:in `process_action'
actionpack (7.1.4) lib/action_controller/metal/rescue.rb:25:in `process_action'
actionpack (7.1.4) lib/action_controller/metal/instrumentation.rb:74:in `block in process_action'
activesupport (7.1.4) lib/active_support/notifications.rb:206:in `block in instrument'
activesupport (7.1.4) lib/active_support/notifications/instrumenter.rb:58:in `instrument'
activesupport (7.1.4) lib/active_support/notifications.rb:206:in `instrument'
actionpack (7.1.4) lib/action_controller/metal/instrumentation.rb:73:in `process_action'
actionpack (7.1.4) lib/action_controller/metal/params_wrapper.rb:261:in `process_action'
activerecord (7.1.4) lib/active_record/railties/controller_runtime.rb:32:in `process_action'
actionpack (7.1.4) lib/abstract_controller/base.rb:160:in `process'
actionview (7.1.4) lib/action_view/rendering.rb:40:in `process'
actionpack (7.1.4) lib/action_controller/metal.rb:227:in `dispatch'
actionpack (7.1.4) lib/action_controller/metal.rb:309:in `dispatch'
actionpack (7.1.4) lib/action_dispatch/routing/route_set.rb:49:in `dispatch'
actionpack (7.1.4) lib/action_dispatch/routing/route_set.rb:32:in `serve'
actionpack (7.1.4) lib/action_dispatch/journey/router.rb:51:in `block in serve'
actionpack (7.1.4) lib/action_dispatch/journey/router.rb:131:in `block in find_routes'
actionpack (7.1.4) lib/action_dispatch/journey/router.rb:124:in `each'
actionpack (7.1.4) lib/action_dispatch/journey/router.rb:124:in `find_routes'
actionpack (7.1.4) lib/action_dispatch/journey/router.rb:32:in `serve'
actionpack (7.1.4) lib/action_dispatch/routing/route_set.rb:882:in `call'
rack (3.1.7) lib/rack/tempfile_reaper.rb:20:in `call'
rack (3.1.7) lib/rack/etag.rb:29:in `call'
rack (3.1.7) lib/rack/conditional_get.rb:31:in `call'
rack (3.1.7) lib/rack/head.rb:15:in `call'
actionpack (7.1.4) lib/action_dispatch/http/permissions_policy.rb:36:in `call'
actionpack (7.1.4) lib/action_dispatch/http/content_security_policy.rb:33:in `call'
rack-session (2.0.0) lib/rack/session/abstract/id.rb:272:in `context'
rack-session (2.0.0) lib/rack/session/abstract/id.rb:266:in `call'
actionpack (7.1.4) lib/action_dispatch/middleware/cookies.rb:689:in `call'
activerecord (7.1.4) lib/active_record/migration.rb:655:in `call'
actionpack (7.1.4) lib/action_dispatch/middleware/callbacks.rb:29:in `block in call'
activesupport (7.1.4) lib/active_support/callbacks.rb:101:in `run_callbacks'
actionpack (7.1.4) lib/action_dispatch/middleware/callbacks.rb:28:in `call'
actionpack (7.1.4) lib/action_dispatch/middleware/executor.rb:14:in `call'
actionpack (7.1.4) lib/action_dispatch/middleware/actionable_exceptions.rb:16:in `call'
actionpack (7.1.4) lib/action_dispatch/middleware/debug_exceptions.rb:29:in `call'
web-console (4.2.1) lib/web_console/middleware.rb:132:in `call_app'
web-console (4.2.1) lib/web_console/middleware.rb:19:in `block in call'
web-console (4.2.1) lib/web_console/middleware.rb:17:in `catch'
web-console (4.2.1) lib/web_console/middleware.rb:17:in `call'
actionpack (7.1.4) lib/action_dispatch/middleware/show_exceptions.rb:31:in `call'
railties (7.1.4) lib/rails/rack/logger.rb:37:in `call_app'
railties (7.1.4) lib/rails/rack/logger.rb:24:in `block in call'
activesupport (7.1.4) lib/active_support/tagged_logging.rb:139:in `block in tagged'
activesupport (7.1.4) lib/active_support/tagged_logging.rb:39:in `tagged'
activesupport (7.1.4) lib/active_support/tagged_logging.rb:139:in `tagged'
activesupport (7.1.4) lib/active_support/broadcast_logger.rb:241:in `method_missing'
railties (7.1.4) lib/rails/rack/logger.rb:24:in `call'
sprockets-rails (3.5.2) lib/sprockets/rails/quiet_assets.rb:17:in `call'
actionpack (7.1.4) lib/action_dispatch/middleware/remote_ip.rb:92:in `call'
actionpack (7.1.4) lib/action_dispatch/middleware/request_id.rb:28:in `call'
rack (3.1.7) lib/rack/method_override.rb:28:in `call'
rack (3.1.7) lib/rack/runtime.rb:24:in `call'
activesupport (7.1.4) lib/active_support/cache/strategy/local_cache_middleware.rb:29:in `call'
actionpack (7.1.4) lib/action_dispatch/middleware/server_timing.rb:59:in `block in call'
actionpack (7.1.4) lib/action_dispatch/middleware/server_timing.rb:24:in `collect_events'
actionpack (7.1.4) lib/action_dispatch/middleware/server_timing.rb:58:in `call'
actionpack (7.1.4) lib/action_dispatch/middleware/executor.rb:14:in `call'
actionpack (7.1.4) lib/action_dispatch/middleware/static.rb:25:in `call'
rack (3.1.7) lib/rack/sendfile.rb:114:in `call'
actionpack (7.1.4) lib/action_dispatch/middleware/host_authorization.rb:141:in `call'
railties (7.1.4) lib/rails/engine.rb:536:in `call'
puma (6.4.2) lib/puma/configuration.rb:272:in `call'
puma (6.4.2) lib/puma/request.rb:100:in `block in handle_request'
puma (6.4.2) lib/puma/thread_pool.rb:378:in `with_force_shutdown'
puma (6.4.2) lib/puma/request.rb:99:in `handle_request'
puma (6.4.2) lib/puma/server.rb:464:in `process_client'
puma (6.4.2) lib/puma/server.rb:245:in `block in run'
puma (6.4.2) lib/puma/thread_pool.rb:155:in `block in spawn_thread'
Started GET "/students" for 172.17.0.1 at 2024-10-06 23:04:21 +0000
Cannot render console from 172.17.0.1! Allowed networks: 127.0.0.0/127.255.255.255, ::1
Processing by StudentsController#index as HTML
Completed 406 Not Acceptable in 17ms (ActiveRecord: 0.0ms | Allocations: 570)


  
ActionController::MissingExactTemplate (StudentsController#index is missing a template for request formats: text/html):
  
actionpack (7.1.4) lib/action_controller/metal/implicit_render.rb:47:in `default_render'
actionpack (7.1.4) lib/action_controller/metal/basic_implicit_render.rb:7:in `send_action'
actionpack (7.1.4) lib/abstract_controller/base.rb:224:in `process_action'
actionpack (7.1.4) lib/action_controller/metal/rendering.rb:165:in `process_action'
actionpack (7.1.4) lib/abstract_controller/callbacks.rb:259:in `block in process_action'
activesupport (7.1.4) lib/active_support/callbacks.rb:121:in `block in run_callbacks'
turbo-rails (2.0.7) lib/turbo-rails.rb:24:in `with_request_id'
turbo-rails (2.0.7) app/controllers/concerns/turbo/request_id_tracking.rb:10:in `turbo_tracking_request_id'
activesupport (7.1.4) lib/active_support/callbacks.rb:130:in `block in run_callbacks'
actiontext (7.1.4) lib/action_text/rendering.rb:23:in `with_renderer'
actiontext (7.1.4) lib/action_text/engine.rb:69:in `block (4 levels) in <class:Engine>'
activesupport (7.1.4) lib/active_support/callbacks.rb:130:in `instance_exec'
activesupport (7.1.4) lib/active_support/callbacks.rb:130:in `block in run_callbacks'
activesupport (7.1.4) lib/active_support/callbacks.rb:141:in `run_callbacks'
actionpack (7.1.4) lib/abstract_controller/callbacks.rb:258:in `process_action'
actionpack (7.1.4) lib/action_controller/metal/rescue.rb:25:in `process_action'
actionpack (7.1.4) lib/action_controller/metal/instrumentation.rb:74:in `block in process_action'
activesupport (7.1.4) lib/active_support/notifications.rb:206:in `block in instrument'
activesupport (7.1.4) lib/active_support/notifications/instrumenter.rb:58:in `instrument'
activesupport (7.1.4) lib/active_support/notifications.rb:206:in `instrument'
actionpack (7.1.4) lib/action_controller/metal/instrumentation.rb:73:in `process_action'
actionpack (7.1.4) lib/action_controller/metal/params_wrapper.rb:261:in `process_action'
activerecord (7.1.4) lib/active_record/railties/controller_runtime.rb:32:in `process_action'
actionpack (7.1.4) lib/abstract_controller/base.rb:160:in `process'
actionview (7.1.4) lib/action_view/rendering.rb:40:in `process'
actionpack (7.1.4) lib/action_controller/metal.rb:227:in `dispatch'
actionpack (7.1.4) lib/action_controller/metal.rb:309:in `dispatch'
actionpack (7.1.4) lib/action_dispatch/routing/route_set.rb:49:in `dispatch'
actionpack (7.1.4) lib/action_dispatch/routing/route_set.rb:32:in `serve'
actionpack (7.1.4) lib/action_dispatch/journey/router.rb:51:in `block in serve'
actionpack (7.1.4) lib/action_dispatch/journey/router.rb:131:in `block in find_routes'
actionpack (7.1.4) lib/action_dispatch/journey/router.rb:124:in `each'
actionpack (7.1.4) lib/action_dispatch/journey/router.rb:124:in `find_routes'
actionpack (7.1.4) lib/action_dispatch/journey/router.rb:32:in `serve'
actionpack (7.1.4) lib/action_dispatch/routing/route_set.rb:882:in `call'
rack (3.1.7) lib/rack/tempfile_reaper.rb:20:in `call'
rack (3.1.7) lib/rack/etag.rb:29:in `call'
rack (3.1.7) lib/rack/conditional_get.rb:31:in `call'
rack (3.1.7) lib/rack/head.rb:15:in `call'
actionpack (7.1.4) lib/action_dispatch/http/permissions_policy.rb:36:in `call'
actionpack (7.1.4) lib/action_dispatch/http/content_security_policy.rb:33:in `call'
rack-session (2.0.0) lib/rack/session/abstract/id.rb:272:in `context'
rack-session (2.0.0) lib/rack/session/abstract/id.rb:266:in `call'
actionpack (7.1.4) lib/action_dispatch/middleware/cookies.rb:689:in `call'
activerecord (7.1.4) lib/active_record/migration.rb:655:in `call'
actionpack (7.1.4) lib/action_dispatch/middleware/callbacks.rb:29:in `block in call'
activesupport (7.1.4) lib/active_support/callbacks.rb:101:in `run_callbacks'
actionpack (7.1.4) lib/action_dispatch/middleware/callbacks.rb:28:in `call'
actionpack (7.1.4) lib/action_dispatch/middleware/executor.rb:14:in `call'
actionpack (7.1.4) lib/action_dispatch/middleware/actionable_exceptions.rb:16:in `call'
actionpack (7.1.4) lib/action_dispatch/middleware/debug_exceptions.rb:29:in `call'
web-console (4.2.1) lib/web_console/middleware.rb:132:in `call_app'
web-console (4.2.1) lib/web_console/middleware.rb:19:in `block in call'
web-console (4.2.1) lib/web_console/middleware.rb:17:in `catch'
web-console (4.2.1) lib/web_console/middleware.rb:17:in `call'
actionpack (7.1.4) lib/action_dispatch/middleware/show_exceptions.rb:31:in `call'
railties (7.1.4) lib/rails/rack/logger.rb:37:in `call_app'
railties (7.1.4) lib/rails/rack/logger.rb:24:in `block in call'
activesupport (7.1.4) lib/active_support/tagged_logging.rb:139:in `block in tagged'
activesupport (7.1.4) lib/active_support/tagged_logging.rb:39:in `tagged'
activesupport (7.1.4) lib/active_support/tagged_logging.rb:139:in `tagged'
activesupport (7.1.4) lib/active_support/broadcast_logger.rb:241:in `method_missing'
railties (7.1.4) lib/rails/rack/logger.rb:24:in `call'
sprockets-rails (3.5.2) lib/sprockets/rails/quiet_assets.rb:17:in `call'
actionpack (7.1.4) lib/action_dispatch/middleware/remote_ip.rb:92:in `call'
actionpack (7.1.4) lib/action_dispatch/middleware/request_id.rb:28:in `call'
rack (3.1.7) lib/rack/method_override.rb:28:in `call'
rack (3.1.7) lib/rack/runtime.rb:24:in `call'
activesupport (7.1.4) lib/active_support/cache/strategy/local_cache_middleware.rb:29:in `call'
actionpack (7.1.4) lib/action_dispatch/middleware/server_timing.rb:59:in `block in call'
actionpack (7.1.4) lib/action_dispatch/middleware/server_timing.rb:24:in `collect_events'
actionpack (7.1.4) lib/action_dispatch/middleware/server_timing.rb:58:in `call'
actionpack (7.1.4) lib/action_dispatch/middleware/executor.rb:14:in `call'
actionpack (7.1.4) lib/action_dispatch/middleware/static.rb:25:in `call'
rack (3.1.7) lib/rack/sendfile.rb:114:in `call'
actionpack (7.1.4) lib/action_dispatch/middleware/host_authorization.rb:141:in `call'
railties (7.1.4) lib/rails/engine.rb:536:in `call'
puma (6.4.2) lib/puma/configuration.rb:272:in `call'
puma (6.4.2) lib/puma/request.rb:100:in `block in handle_request'
puma (6.4.2) lib/puma/thread_pool.rb:378:in `with_force_shutdown'
puma (6.4.2) lib/puma/request.rb:99:in `handle_request'
puma (6.4.2) lib/puma/server.rb:464:in `process_client'
puma (6.4.2) lib/puma/server.rb:245:in `block in run'
puma (6.4.2) lib/puma/thread_pool.rb:155:in `block in spawn_thread'
